TN:
SF:src\app.ts
FN:37,(anonymous_1)
FNF:1
FNH:0
FNDA:0,(anonymous_1)
DA:1,0
DA:2,0
DA:3,0
DA:4,0
DA:5,0
DA:6,0
DA:7,0
DA:8,0
DA:9,0
DA:10,0
DA:11,0
DA:12,0
DA:14,0
DA:17,0
DA:18,0
DA:19,0
DA:22,0
DA:25,0
DA:26,0
DA:27,0
DA:28,0
DA:29,0
DA:30,0
DA:34,0
DA:37,0
DA:38,0
DA:42,0
DA:44,0
LF:28
LH:0
BRF:0
BRH:0
end_of_record
TN:
SF:src\controllers\auth.controller.ts
FN:24,(anonymous_9)
FN:41,(anonymous_10)
FNF:2
FNH:0
FNDA:0,(anonymous_9)
FNDA:0,(anonymous_10)
DA:2,0
DA:3,0
DA:5,0
DA:14,0
DA:24,0
DA:29,0
DA:30,0
DA:31,0
DA:37,0
DA:41,0
DA:46,0
DA:47,0
DA:48,0
DA:54,0
LF:14
LH:0
BRF:0
BRH:0
end_of_record
TN:
SF:src\controllers\notification.controller.ts
FN:13,(anonymous_9)
FN:25,(anonymous_10)
FN:38,(anonymous_11)
FN:50,(anonymous_12)
FN:66,(anonymous_13)
FN:79,(anonymous_14)
FNF:6
FNH:0
FNDA:0,(anonymous_9)
FNDA:0,(anonymous_10)
FNDA:0,(anonymous_11)
FNDA:0,(anonymous_12)
FNDA:0,(anonymous_13)
FNDA:0,(anonymous_14)
DA:3,0
DA:4,0
DA:5,0
DA:6,0
DA:8,0
DA:13,0
DA:14,0
DA:15,0
DA:16,0
DA:21,0
DA:25,0
DA:26,0
DA:27,0
DA:28,0
DA:29,0
DA:34,0
DA:38,0
DA:39,0
DA:40,0
DA:41,0
DA:46,0
DA:50,0
DA:51,0
DA:52,0
DA:53,0
DA:54,0
DA:59,0
DA:60,0
DA:62,0
DA:66,0
DA:67,0
DA:68,0
DA:69,0
DA:70,0
DA:75,0
DA:79,0
DA:80,0
DA:81,0
DA:82,0
DA:87,0
LF:40
LH:0
BRDA:59,0,0,0
BRF:1
BRH:0
end_of_record
TN:
SF:src\controllers\project.controller.ts
FN:7,(anonymous_1)
FN:38,(anonymous_2)
FN:79,(anonymous_3)
FN:121,(anonymous_4)
FN:142,(anonymous_5)
FN:177,(anonymous_6)
FNF:6
FNH:0
FNDA:0,(anonymous_1)
FNDA:0,(anonymous_2)
FNDA:0,(anonymous_3)
FNDA:0,(anonymous_4)
FNDA:0,(anonymous_5)
FNDA:0,(anonymous_6)
DA:3,0
DA:4,0
DA:7,0
DA:12,0
DA:13,0
DA:14,0
DA:17,0
DA:19,0
DA:28,0
DA:33,0
DA:38,0
DA:43,0
DA:44,0
DA:46,0
DA:68,0
DA:74,0
DA:79,0
DA:84,0
DA:85,0
DA:86,0
DA:88,0
DA:115,0
DA:116,0
DA:120,0
DA:121,0
DA:123,0
DA:124,0
DA:127,0
DA:137,0
DA:142,0
DA:147,0
DA:148,0
DA:149,0
DA:150,0
DA:152,0
DA:154,0
DA:155,0
DA:158,0
DA:159,0
DA:162,0
DA:167,0
DA:172,0
DA:177,0
DA:182,0
DA:183,0
DA:184,0
DA:186,0
DA:188,0
DA:189,0
DA:192,0
DA:193,0
DA:197,0
DA:201,0
DA:205,0
DA:210,0
LF:55
LH:0
BRDA:24,0,0,0
BRDA:24,0,1,0
BRDA:115,1,0,0
BRDA:123,2,0,0
BRDA:123,3,0,0
BRDA:123,3,1,0
BRDA:154,4,0,0
BRDA:158,5,0,0
BRDA:188,6,0,0
BRDA:192,7,0,0
BRF:10
BRH:0
end_of_record
TN:
SF:src\controllers\task.controller.ts
FN:11,(anonymous_10)
FN:17,(anonymous_11)
FN:62,(anonymous_12)
FN:100,(anonymous_13)
FN:117,(anonymous_14)
FN:133,(anonymous_15)
FN:153,(anonymous_16)
FNF:7
FNH:0
FNDA:0,(anonymous_10)
FNDA:0,(anonymous_11)
FNDA:0,(anonymous_12)
FNDA:0,(anonymous_13)
FNDA:0,(anonymous_14)
FNDA:0,(anonymous_15)
FNDA:0,(anonymous_16)
DA:2,0
DA:3,0
DA:5,0
DA:6,0
DA:11,0
DA:12,0
DA:13,0
DA:14,0
DA:17,0
DA:18,0
DA:19,0
DA:20,0
DA:24,0
DA:36,0
DA:62,0
DA:67,0
DA:68,0
DA:69,0
DA:72,0
DA:73,0
DA:74,0
DA:75,0
DA:79,0
DA:91,0
DA:96,0
DA:100,0
DA:105,0
DA:106,0
DA:107,0
DA:113,0
DA:117,0
DA:122,0
DA:123,0
DA:124,0
DA:129,0
DA:133,0
DA:138,0
DA:139,0
DA:144,0
DA:149,0
DA:153,0
DA:158,0
DA:159,0
DA:160,0
DA:165,0
LF:45
LH:0
BRDA:11,0,0,0
BRDA:11,0,1,0
BRDA:17,1,0,0
BRDA:17,1,1,0
BRDA:72,2,0,0
BRDA:74,3,0,0
BRDA:74,4,0,0
BRDA:74,4,1,0
BRDA:88,5,0,0
BRDA:88,5,1,0
BRF:10
BRH:0
end_of_record
TN:
SF:src\controllers\team.controller.ts
FN:13,(anonymous_9)
FN:25,(anonymous_10)
FN:41,(anonymous_11)
FN:54,(anonymous_12)
FN:66,(anonymous_13)
FNF:5
FNH:0
FNDA:0,(anonymous_9)
FNDA:0,(anonymous_10)
FNDA:0,(anonymous_11)
FNDA:0,(anonymous_12)
FNDA:0,(anonymous_13)
DA:3,0
DA:4,0
DA:5,0
DA:7,0
DA:13,0
DA:14,0
DA:15,0
DA:16,0
DA:21,0
DA:25,0
DA:26,0
DA:27,0
DA:28,0
DA:29,0
DA:34,0
DA:35,0
DA:37,0
DA:41,0
DA:42,0
DA:43,0
DA:44,0
DA:45,0
DA:50,0
DA:54,0
DA:55,0
DA:56,0
DA:57,0
DA:62,0
DA:66,0
DA:67,0
DA:68,0
DA:69,0
DA:70,0
DA:75,0
LF:34
LH:0
BRDA:34,0,0,0
BRF:1
BRH:0
end_of_record
TN:
SF:src\controllers\user.controller.ts
FN:26,(anonymous_9)
FN:35,(anonymous_10)
FN:72,(anonymous_11)
FNF:3
FNH:0
FNDA:0,(anonymous_9)
FNDA:0,(anonymous_10)
FNDA:0,(anonymous_11)
DA:2,0
DA:4,0
DA:6,0
DA:16,0
DA:26,0
DA:27,0
DA:35,0
DA:41,0
DA:42,0
DA:50,0
DA:53,0
DA:54,0
DA:55,0
DA:57,0
DA:60,0
DA:61,0
DA:62,0
DA:63,0
DA:68,0
DA:72,0
DA:77,0
DA:78,0
DA:79,0
DA:80,0
DA:81,0
DA:86,0
LF:26
LH:0
BRDA:45,0,0,0
BRDA:45,0,1,0
BRDA:46,1,0,0
BRDA:46,1,1,0
BRDA:50,2,0,0
BRDA:50,2,1,0
BRDA:55,3,0,0
BRF:7
BRH:0
end_of_record
TN:
SF:src\middlewares\auth.middleware.ts
FN:17,(anonymous_1)
FNF:1
FNH:0
FNDA:0,(anonymous_1)
DA:2,0
DA:3,0
DA:4,0
DA:17,0
DA:24,0
DA:28,0
DA:31,0
DA:32,0
DA:35,0
DA:36,0
DA:38,0
DA:42,0
DA:43,0
DA:48,0
DA:55,0
DA:57,0
LF:16
LH:0
BRDA:24,0,0,0
BRDA:25,1,0,0
BRDA:25,1,1,0
BRDA:31,2,0,0
BRDA:42,3,0,0
BRF:5
BRH:0
end_of_record
TN:
SF:src\middlewares\error.middleware.ts
FN:5,(anonymous_0)
FN:22,(anonymous_1)
FNF:2
FNH:0
FNDA:0,(anonymous_0)
FNDA:0,(anonymous_1)
DA:2,0
DA:3,0
DA:5,0
DA:11,0
DA:12,0
DA:14,0
DA:15,0
DA:16,0
DA:17,0
DA:18,0
DA:19,0
DA:20,0
DA:21,0
DA:22,0
DA:25,0
DA:26,0
DA:27,0
DA:28,0
DA:29,0
DA:30,0
DA:33,0
DA:34,0
DA:38,0
LF:23
LH:0
BRDA:14,0,0,0
BRDA:14,0,1,0
BRDA:14,1,0,0
BRDA:14,1,1,0
BRDA:15,2,0,0
BRDA:15,2,1,0
BRDA:17,3,0,0
BRDA:18,4,0,0
BRDA:18,4,1,0
BRDA:18,5,0,0
BRDA:18,5,1,0
BRDA:21,6,0,0
BRDA:25,7,0,0
BRDA:25,7,1,0
BRDA:28,8,0,0
BRDA:28,8,1,0
BRDA:33,9,0,0
BRDA:39,10,0,0
BRDA:39,10,1,0
BRF:19
BRH:0
end_of_record
TN:
SF:src\middlewares\upload.middleware.ts
FN:13,(anonymous_1)
FN:16,(anonymous_2)
FN:22,(anonymous_3)
FNF:3
FNH:0
FNDA:0,(anonymous_1)
FNDA:0,(anonymous_2)
FNDA:0,(anonymous_3)
DA:1,0
DA:2,0
DA:3,0
DA:4,0
DA:7,0
DA:8,0
DA:9,0
DA:12,0
DA:14,0
DA:17,0
DA:18,0
DA:22,0
DA:23,0
DA:24,0
DA:26,0
DA:30,0
LF:16
LH:0
BRDA:8,0,0,0
BRDA:23,1,0,0
BRDA:23,1,1,0
BRF:3
BRH:0
end_of_record
TN:
SF:src\middlewares\validate.middleware.ts
FN:5,(anonymous_0)
FN:6,(anonymous_1)
FNF:2
FNH:0
FNDA:0,(anonymous_0)
FNDA:0,(anonymous_1)
DA:4,0
DA:5,0
DA:6,0
DA:7,0
DA:8,0
DA:13,0
DA:15,0
LF:7
LH:0
BRF:0
BRH:0
end_of_record
TN:
SF:src\routes\auth.routes.ts
FNF:0
FNH:0
DA:1,0
DA:2,0
DA:3,0
DA:10,0
DA:12,0
DA:13,0
DA:15,0
LF:7
LH:0
BRF:0
BRH:0
end_of_record
TN:
SF:src\routes\notification.routes.ts
FNF:0
FNH:0
DA:1,0
DA:2,0
DA:3,0
DA:5,0
DA:7,0
DA:9,0
DA:10,0
DA:11,0
DA:12,0
DA:13,0
DA:14,0
DA:16,0
LF:12
LH:0
BRF:0
BRH:0
end_of_record
TN:
SF:src\routes\project.routes.ts
FNF:0
FNH:0
DA:1,0
DA:2,0
DA:3,0
DA:10,0
DA:11,0
DA:13,0
DA:15,0
DA:22,0
DA:29,0
DA:31,0
DA:32,0
DA:33,0
DA:34,0
DA:35,0
DA:37,0
LF:15
LH:0
BRF:0
BRH:0
end_of_record
TN:
SF:src\routes\task.routes.ts
FNF:0
FNH:0
DA:1,0
DA:2,0
DA:3,0
DA:4,0
DA:14,0
DA:16,0
DA:18,0
DA:23,0
DA:29,0
LF:9
LH:0
BRF:0
BRH:0
end_of_record
TN:
SF:src\routes\team.routes.ts
FNF:0
FNH:0
DA:1,0
DA:2,0
DA:3,0
DA:5,0
DA:7,0
DA:9,0
DA:10,0
DA:11,0
DA:12,0
DA:13,0
DA:15,0
LF:11
LH:0
BRF:0
BRH:0
end_of_record
TN:
SF:src\routes\user.routes.ts
FNF:0
FNH:0
DA:1,0
DA:2,0
DA:3,0
DA:4,0
DA:11,0
DA:13,0
DA:15,0
DA:17,0
DA:21,0
DA:22,0
DA:24,0
LF:11
LH:0
BRF:0
BRH:0
end_of_record
TN:
SF:src\scripts\cleanupOrphanedFiles.ts
FN:7,main
FN:19,(anonymous_1)
FNF:2
FNH:0
FNDA:0,main
FNDA:0,(anonymous_1)
DA:1,0
DA:8,0
DA:10,0
DA:11,0
DA:13,0
DA:14,0
DA:15,0
DA:17,0
DA:18,0
DA:19,0
DA:22,0
DA:24,0
DA:25,0
DA:29,0
LF:14
LH:0
BRDA:17,0,0,0
BRF:1
BRH:0
end_of_record
TN:
SF:src\services\auth.service.ts
FN:7,(anonymous_1)
FN:34,(anonymous_2)
FNF:2
FNH:0
FNDA:0,(anonymous_1)
FNDA:0,(anonymous_2)
DA:1,0
DA:2,0
DA:3,0
DA:4,0
DA:7,0
DA:8,0
DA:12,0
DA:13,0
DA:16,0
DA:18,0
DA:27,0
DA:30,0
DA:31,0
DA:34,0
DA:35,0
DA:39,0
DA:40,0
DA:43,0
DA:46,0
DA:47,0
LF:20
LH:0
BRDA:12,0,0,0
BRDA:21,1,0,0
BRDA:21,1,1,0
BRDA:39,2,0,0
BRDA:39,3,0,0
BRDA:39,3,1,0
BRF:6
BRH:0
end_of_record
TN:
SF:src\services\notification.service.ts
FN:4,(anonymous_1)
FN:11,(anonymous_2)
FN:18,(anonymous_3)
FN:25,(anonymous_4)
FN:38,(anonymous_5)
FN:44,(anonymous_6)
FNF:6
FNH:1
FNDA:0,(anonymous_1)
FNDA:0,(anonymous_2)
FNDA:0,(anonymous_3)
FNDA:1,(anonymous_4)
FNDA:0,(anonymous_5)
FNDA:0,(anonymous_6)
DA:1,1
DA:4,1
DA:5,0
DA:11,1
DA:12,0
DA:18,1
DA:19,0
DA:25,1
DA:33,1
DA:38,1
DA:39,0
DA:44,1
DA:45,0
LF:13
LH:8
BRF:0
BRH:0
end_of_record
TN:
SF:src\services\task.service.ts
FN:9,(anonymous_1)
FN:32,(anonymous_2)
FN:54,(anonymous_3)
FN:123,(anonymous_4)
FN:129,(anonymous_5)
FN:176,(anonymous_6)
FN:213,(anonymous_7)
FN:217,(anonymous_8)
FN:239,(anonymous_9)
FNF:9
FNH:0
FNDA:0,(anonymous_1)
FNDA:0,(anonymous_2)
FNDA:0,(anonymous_3)
FNDA:0,(anonymous_4)
FNDA:0,(anonymous_5)
FNDA:0,(anonymous_6)
FNDA:0,(anonymous_7)
FNDA:0,(anonymous_8)
FNDA:0,(anonymous_9)
DA:1,0
DA:3,0
DA:4,0
DA:9,0
DA:10,0
DA:11,0
DA:14,0
DA:15,0
DA:17,0
DA:18,0
DA:19,0
DA:21,0
DA:22,0
DA:24,0
DA:26,0
DA:29,0
DA:32,0
DA:33,0
DA:36,0
DA:37,0
DA:38,0
DA:39,0
DA:40,0
DA:44,0
DA:54,0
DA:55,0
DA:58,0
DA:80,0
DA:81,0
DA:84,0
DA:85,0
DA:88,0
DA:89,0
DA:99,0
DA:100,0
DA:101,0
DA:103,0
DA:107,0
DA:123,0
DA:129,0
DA:130,0
DA:156,0
DA:157,0
DA:160,0
DA:161,0
DA:162,0
DA:163,0
DA:164,0
DA:166,0
DA:167,0
DA:170,0
DA:176,0
DA:181,0
DA:197,0
DA:199,0
DA:200,0
DA:201,0
DA:202,0
DA:204,0
DA:205,0
DA:208,0
DA:211,0
DA:212,0
DA:213,0
DA:217,0
DA:219,0
DA:220,0
DA:223,0
DA:230,0
DA:239,0
DA:240,0
DA:241,0
DA:244,0
DA:246,0
DA:247,0
DA:250,0
LF:76
LH:0
BRDA:10,0,0,0
BRDA:10,1,0,0
BRDA:10,1,1,0
BRDA:14,2,0,0
BRDA:14,2,1,0
BRDA:15,3,0,0
BRDA:21,4,0,0
BRDA:24,5,0,0
BRDA:26,6,0,0
BRDA:26,6,1,0
BRDA:36,7,0,0
BRDA:38,8,0,0
BRDA:39,9,0,0
BRDA:47,10,0,0
BRDA:47,10,1,0
BRDA:49,11,0,0
BRDA:49,11,1,0
BRDA:80,12,0,0
BRDA:84,13,0,0
BRDA:88,14,0,0
BRDA:99,15,0,0
BRDA:100,16,0,0
BRDA:100,16,1,0
BRDA:119,17,0,0
BRDA:119,17,1,0
BRDA:156,18,0,0
BRDA:164,19,0,0
BRDA:164,19,1,0
BRDA:166,20,0,0
BRDA:166,21,0,0
BRDA:166,21,1,0
BRDA:166,21,2,0
BRDA:197,22,0,0
BRDA:202,23,0,0
BRDA:202,23,1,0
BRDA:204,24,0,0
BRDA:204,25,0,0
BRDA:204,25,1,0
BRDA:211,26,0,0
BRDA:211,27,0,0
BRDA:211,27,1,0
BRDA:217,28,0,0
BRDA:217,28,1,0
BRDA:219,29,0,0
BRDA:234,30,0,0
BRDA:234,30,1,0
BRDA:234,31,0,0
BRDA:234,31,1,0
BRDA:241,32,0,0
BRDA:244,33,0,0
BRDA:244,33,1,0
BRDA:246,34,0,0
BRDA:246,35,0,0
BRDA:246,35,1,0
BRF:54
BRH:0
end_of_record
TN:
SF:src\services\team.service.ts
FN:7,(anonymous_1)
FN:49,(anonymous_2)
FN:132,(anonymous_3)
FN:148,(anonymous_4)
FN:190,(anonymous_5)
FN:197,(anonymous_6)
FN:204,(anonymous_7)
FN:214,(anonymous_8)
FNF:8
FNH:2
FNDA:2,(anonymous_1)
FNDA:2,(anonymous_2)
FNDA:0,(anonymous_3)
FNDA:0,(anonymous_4)
FNDA:0,(anonymous_5)
FNDA:0,(anonymous_6)
FNDA:0,(anonymous_7)
FNDA:0,(anonymous_8)
DA:1,1
DA:2,1
DA:3,1
DA:4,1
DA:5,1
DA:7,1
DA:8,2
DA:12,2
DA:13,1
DA:22,2
DA:28,2
DA:49,1
DA:50,2
DA:51,2
DA:52,2
DA:54,2
DA:56,2
DA:57,2
DA:58,0
DA:59,0
DA:60,0
DA:64,2
DA:65,2
DA:67,2
DA:68,2
DA:69,0
DA:72,0
DA:74,2
DA:77,2
DA:82,2
DA:86,2
DA:87,2
DA:88,1
DA:89,1
DA:92,0
DA:101,1
DA:113,1
DA:114,1
DA:115,1
DA:119,1
DA:129,1
DA:132,1
DA:133,0
DA:138,0
DA:139,0
DA:142,0
DA:143,0
DA:144,0
DA:147,0
DA:148,0
DA:150,0
DA:157,0
DA:158,0
DA:166,0
DA:173,0
DA:181,0
DA:187,0
DA:190,1
DA:191,0
DA:197,1
DA:198,0
DA:204,1
DA:205,0
DA:206,0
DA:207,0
DA:209,0
DA:214,1
DA:215,0
DA:220,0
DA:221,0
DA:223,0
LF:71
LH:40
BRDA:12,0,0,1
BRDA:51,1,0,0
BRDA:52,2,0,0
BRDA:57,3,0,0
BRDA:59,4,0,0
BRDA:65,5,0,0
BRDA:67,6,0,2
BRDA:68,7,0,0
BRDA:68,7,1,2
BRDA:72,8,0,0
BRDA:77,9,0,0
BRDA:83,10,0,2
BRDA:83,10,1,2
BRDA:87,11,0,1
BRDA:87,11,1,1
BRDA:88,12,0,1
BRDA:113,13,0,1
BRDA:114,14,0,0
BRDA:114,14,1,1
BRDA:115,15,0,0
BRDA:115,15,1,1
BRDA:138,16,0,0
BRDA:138,17,0,0
BRDA:138,17,1,0
BRDA:143,18,0,0
BRDA:143,19,0,0
BRDA:143,19,1,0
BRDA:147,20,0,0
BRDA:147,20,1,0
BRDA:157,21,0,0
BRDA:206,22,0,0
BRDA:207,23,0,0
BRDA:220,24,0,0
BRDA:221,25,0,0
BRF:34
BRH:11
end_of_record
TN:
SF:src\services\user.service.ts
FN:6,(anonymous_1)
FN:54,(anonymous_2)
FNF:2
FNH:0
FNDA:0,(anonymous_1)
FNDA:0,(anonymous_2)
DA:1,0
DA:2,0
DA:3,0
DA:4,0
DA:6,0
DA:11,0
DA:12,0
DA:21,0
DA:22,0
DA:27,0
DA:33,0
DA:34,0
DA:38,0
DA:39,0
DA:40,0
DA:41,0
DA:42,0
DA:43,0
DA:45,0
DA:50,0
DA:51,0
DA:54,0
DA:55,0
DA:56,0
DA:58,0
DA:59,0
DA:61,0
DA:63,0
DA:68,0
LF:29
LH:0
BRDA:11,0,0,0
BRDA:21,1,0,0
BRDA:33,2,0,0
BRDA:33,3,0,0
BRDA:33,3,1,0
BRDA:33,3,2,0
BRDA:39,4,0,0
BRDA:40,5,0,0
BRDA:41,6,0,0
BRDA:42,7,0,0
BRDA:43,8,0,0
BRDA:56,9,0,0
BRDA:59,10,0,0
BRF:13
BRH:0
end_of_record
TN:
SF:src\utils\AppError.ts
FN:6,(anonymous_0)
FNF:1
FNH:1
FNDA:1,(anonymous_0)
DA:1,1
DA:7,1
DA:8,1
DA:9,1
DA:10,1
DA:12,1
DA:13,1
LF:7
LH:7
BRDA:9,0,0,1
BRDA:9,0,1,0
BRF:2
BRH:1
end_of_record
TN:
SF:src\utils\cleanupFiles.ts
FN:9,cleanOrphanedAvatars
FN:25,(anonymous_2)
FN:90,deleteOldAvatar
FNF:3
FNH:0
FNDA:0,cleanOrphanedAvatars
FNDA:0,(anonymous_2)
FNDA:0,deleteOldAvatar
DA:1,0
DA:2,0
DA:3,0
DA:9,0
DA:10,0
DA:11,0
DA:12,0
DA:13,0
DA:15,0
DA:17,0
DA:24,0
DA:25,0
DA:26,0
DA:28,0
DA:29,0
DA:30,0
DA:35,0
DA:38,0
DA:39,0
DA:40,0
DA:44,0
DA:45,0
DA:48,0
DA:49,0
DA:52,0
DA:53,0
DA:57,0
DA:58,0
DA:59,0
DA:62,0
DA:63,0
DA:64,0
DA:65,0
DA:67,0
DA:68,0
DA:69,0
DA:74,0
DA:75,0
DA:76,0
DA:77,0
DA:79,0
DA:81,0
DA:82,0
DA:90,0
DA:91,0
DA:93,0
DA:95,0
DA:96,0
DA:98,0
DA:101,0
DA:102,0
DA:103,0
DA:106,0
LF:53
LH:0
BRDA:26,0,0,0
BRDA:29,1,0,0
BRDA:38,2,0,0
BRDA:52,3,0,0
BRDA:57,4,0,0
BRDA:57,4,1,0
BRDA:91,5,0,0
BRDA:96,6,0,0
BRDA:101,7,0,0
BRF:9
BRH:0
end_of_record
TN:
SF:src\utils\jwt.ts
FN:6,(anonymous_1)
FN:12,(anonymous_2)
FNF:2
FNH:0
FNDA:0,(anonymous_1)
FNDA:0,(anonymous_2)
DA:1,0
DA:3,0
DA:4,0
DA:6,0
DA:7,0
DA:12,0
DA:13,0
LF:7
LH:0
BRDA:3,0,0,0
BRDA:3,0,1,0
BRDA:4,1,0,0
BRDA:4,1,1,0
BRF:4
BRH:0
end_of_record
