TN:
SF:src\app.ts
FN:37,(anonymous_1)
FNF:1
FNH:0
FNDA:0,(anonymous_1)
DA:1,1
DA:2,1
DA:3,1
DA:4,1
DA:5,1
DA:6,1
DA:7,1
DA:8,1
DA:9,1
DA:10,1
DA:11,1
DA:12,1
DA:14,1
DA:17,1
DA:18,1
DA:19,1
DA:22,1
DA:25,1
DA:26,1
DA:27,1
DA:28,1
DA:29,1
DA:30,1
DA:34,1
DA:37,1
DA:38,0
DA:42,1
DA:44,1
LF:28
LH:27
BRF:0
BRH:0
end_of_record
TN:
SF:src\controllers\auth.controller.ts
FN:24,(anonymous_9)
FN:41,(anonymous_10)
FNF:2
FNH:0
FNDA:0,(anonymous_9)
FNDA:0,(anonymous_10)
DA:2,1
DA:3,1
DA:5,1
DA:14,1
DA:24,1
DA:29,0
DA:30,0
DA:31,0
DA:37,0
DA:41,1
DA:46,0
DA:47,0
DA:48,0
DA:54,0
LF:14
LH:6
BRF:0
BRH:0
end_of_record
TN:
SF:src\controllers\notification.controller.ts
FN:13,(anonymous_9)
FN:25,(anonymous_10)
FN:38,(anonymous_11)
FN:50,(anonymous_12)
FN:66,(anonymous_13)
FN:79,(anonymous_14)
FNF:6
FNH:0
FNDA:0,(anonymous_9)
FNDA:0,(anonymous_10)
FNDA:0,(anonymous_11)
FNDA:0,(anonymous_12)
FNDA:0,(anonymous_13)
FNDA:0,(anonymous_14)
DA:3,1
DA:4,1
DA:5,1
DA:6,1
DA:8,1
DA:13,1
DA:14,0
DA:15,0
DA:16,0
DA:21,0
DA:25,1
DA:26,0
DA:27,0
DA:28,0
DA:29,0
DA:34,0
DA:38,1
DA:39,0
DA:40,0
DA:41,0
DA:46,0
DA:50,1
DA:51,0
DA:52,0
DA:53,0
DA:54,0
DA:59,0
DA:60,0
DA:62,0
DA:66,1
DA:67,0
DA:68,0
DA:69,0
DA:70,0
DA:75,0
DA:79,1
DA:80,0
DA:81,0
DA:82,0
DA:87,0
LF:40
LH:11
BRDA:59,0,0,0
BRF:1
BRH:0
end_of_record
TN:
SF:src\controllers\project.controller.ts
FN:7,(anonymous_1)
FN:15,(anonymous_2)
FN:62,(anonymous_3)
FN:92,(anonymous_4)
FN:108,(anonymous_5)
FN:153,(anonymous_6)
FN:174,(anonymous_7)
FN:209,(anonymous_8)
FN:233,(anonymous_9)
FNF:9
FNH:3
FNDA:4,(anonymous_1)
FNDA:4,(anonymous_2)
FNDA:0,(anonymous_3)
FNDA:0,(anonymous_4)
FNDA:1,(anonymous_5)
FNDA:0,(anonymous_6)
FNDA:0,(anonymous_7)
FNDA:0,(anonymous_8)
FNDA:0,(anonymous_9)
DA:3,1
DA:4,1
DA:7,1
DA:8,4
DA:15,1
DA:20,4
DA:21,4
DA:22,4
DA:25,4
DA:28,4
DA:29,4
DA:30,4
DA:32,4
DA:33,5
DA:34,5
DA:35,4
DA:36,4
DA:38,1
DA:42,4
DA:52,4
DA:57,0
DA:62,1
DA:67,0
DA:68,0
DA:70,0
DA:92,0
DA:97,0
DA:103,0
DA:108,1
DA:113,1
DA:114,1
DA:115,1
DA:117,1
DA:118,1
DA:120,1
DA:147,1
DA:148,0
DA:152,1
DA:153,1
DA:155,1
DA:156,0
DA:159,1
DA:169,0
DA:174,1
DA:179,0
DA:180,0
DA:181,0
DA:182,0
DA:184,0
DA:186,0
DA:187,0
DA:190,0
DA:191,0
DA:194,0
DA:199,0
DA:204,0
DA:209,1
DA:214,0
DA:215,0
DA:216,0
DA:218,0
DA:220,0
DA:221,0
DA:224,0
DA:225,0
DA:229,0
DA:233,0
DA:249,0
DA:250,0
DA:261,0
DA:266,0
DA:270,0
DA:274,0
DA:279,0
LF:74
LH:35
BRDA:33,0,0,1
BRDA:33,0,1,4
BRDA:34,1,0,4
BRDA:34,1,1,1
BRDA:35,2,0,1
BRDA:47,3,0,4
BRDA:47,3,1,4
BRDA:118,4,0,0
BRDA:118,4,1,1
BRDA:147,5,0,0
BRDA:155,6,0,0
BRDA:155,7,0,1
BRDA:155,7,1,0
BRDA:186,8,0,0
BRDA:190,9,0,0
BRDA:220,10,0,0
BRDA:224,11,0,0
BRF:17
BRH:9
end_of_record
TN:
SF:src\controllers\task.controller.ts
FN:11,(anonymous_10)
FN:17,(anonymous_11)
FN:62,(anonymous_12)
FN:100,(anonymous_13)
FN:117,(anonymous_14)
FN:133,(anonymous_15)
FN:153,(anonymous_16)
FNF:7
FNH:2
FNDA:1,(anonymous_10)
FNDA:1,(anonymous_11)
FNDA:0,(anonymous_12)
FNDA:0,(anonymous_13)
FNDA:0,(anonymous_14)
FNDA:0,(anonymous_15)
FNDA:0,(anonymous_16)
DA:2,1
DA:3,1
DA:5,1
DA:6,1
DA:11,1
DA:12,1
DA:13,1
DA:14,1
DA:17,1
DA:18,1
DA:19,1
DA:20,1
DA:24,1
DA:36,1
DA:62,1
DA:67,0
DA:68,0
DA:69,0
DA:72,0
DA:73,0
DA:74,0
DA:75,0
DA:79,0
DA:91,0
DA:96,0
DA:100,1
DA:105,0
DA:106,0
DA:107,0
DA:113,0
DA:117,1
DA:122,0
DA:123,0
DA:124,0
DA:129,0
DA:133,1
DA:138,0
DA:139,0
DA:144,0
DA:149,0
DA:153,1
DA:158,0
DA:159,0
DA:160,0
DA:165,0
LF:45
LH:19
BRDA:11,0,0,1
BRDA:11,0,1,1
BRDA:17,1,0,1
BRDA:17,1,1,1
BRDA:72,2,0,0
BRDA:74,3,0,0
BRDA:74,4,0,0
BRDA:74,4,1,0
BRDA:88,5,0,0
BRDA:88,5,1,0
BRF:10
BRH:4
end_of_record
TN:
SF:src\controllers\team.controller.ts
FN:13,(anonymous_9)
FN:25,(anonymous_10)
FN:41,(anonymous_11)
FN:54,(anonymous_12)
FN:66,(anonymous_13)
FNF:5
FNH:0
FNDA:0,(anonymous_9)
FNDA:0,(anonymous_10)
FNDA:0,(anonymous_11)
FNDA:0,(anonymous_12)
FNDA:0,(anonymous_13)
DA:3,1
DA:4,1
DA:5,1
DA:7,1
DA:13,1
DA:14,0
DA:15,0
DA:16,0
DA:21,0
DA:25,1
DA:26,0
DA:27,0
DA:28,0
DA:29,0
DA:34,0
DA:35,0
DA:37,0
DA:41,1
DA:42,0
DA:43,0
DA:44,0
DA:45,0
DA:50,0
DA:54,1
DA:55,0
DA:56,0
DA:57,0
DA:62,0
DA:66,1
DA:67,0
DA:68,0
DA:69,0
DA:70,0
DA:75,0
LF:34
LH:9
BRDA:34,0,0,0
BRF:1
BRH:0
end_of_record
TN:
SF:src\controllers\user.controller.ts
FN:26,(anonymous_9)
FN:35,(anonymous_10)
FN:72,(anonymous_11)
FNF:3
FNH:0
FNDA:0,(anonymous_9)
FNDA:0,(anonymous_10)
FNDA:0,(anonymous_11)
DA:2,1
DA:4,1
DA:6,1
DA:16,1
DA:26,1
DA:27,0
DA:35,1
DA:41,0
DA:42,0
DA:50,0
DA:53,0
DA:54,0
DA:55,0
DA:57,0
DA:60,0
DA:61,0
DA:62,0
DA:63,0
DA:68,0
DA:72,1
DA:77,0
DA:78,0
DA:79,0
DA:80,0
DA:81,0
DA:86,0
LF:26
LH:7
BRDA:45,0,0,0
BRDA:45,0,1,0
BRDA:46,1,0,0
BRDA:46,1,1,0
BRDA:50,2,0,0
BRDA:50,2,1,0
BRDA:55,3,0,0
BRF:7
BRH:0
end_of_record
TN:
SF:src\middlewares\auth.middleware.ts
FN:17,(anonymous_1)
FNF:1
FNH:1
FNDA:5,(anonymous_1)
DA:2,1
DA:3,1
DA:4,1
DA:17,1
DA:24,5
DA:28,5
DA:31,5
DA:32,0
DA:35,5
DA:36,5
DA:38,5
DA:42,5
DA:43,0
DA:48,5
DA:55,5
DA:57,0
LF:16
LH:13
BRDA:24,0,0,5
BRDA:25,1,0,5
BRDA:25,1,1,5
BRDA:31,2,0,0
BRDA:42,3,0,0
BRF:5
BRH:3
end_of_record
TN:
SF:src\middlewares\error.middleware.ts
FN:5,(anonymous_0)
FN:22,(anonymous_1)
FNF:2
FNH:0
FNDA:0,(anonymous_0)
FNDA:0,(anonymous_1)
DA:2,1
DA:3,1
DA:5,1
DA:11,0
DA:12,0
DA:14,0
DA:15,0
DA:16,0
DA:17,0
DA:18,0
DA:19,0
DA:20,0
DA:21,0
DA:22,0
DA:25,0
DA:26,0
DA:27,0
DA:28,0
DA:29,0
DA:30,0
DA:33,0
DA:34,0
DA:38,0
LF:23
LH:3
BRDA:14,0,0,0
BRDA:14,0,1,0
BRDA:14,1,0,0
BRDA:14,1,1,0
BRDA:15,2,0,0
BRDA:15,2,1,0
BRDA:17,3,0,0
BRDA:18,4,0,0
BRDA:18,4,1,0
BRDA:18,5,0,0
BRDA:18,5,1,0
BRDA:21,6,0,0
BRDA:25,7,0,0
BRDA:25,7,1,0
BRDA:28,8,0,0
BRDA:28,8,1,0
BRDA:33,9,0,0
BRDA:39,10,0,0
BRDA:39,10,1,0
BRF:19
BRH:0
end_of_record
TN:
SF:src\middlewares\upload.middleware.ts
FN:13,(anonymous_1)
FN:16,(anonymous_2)
FN:22,(anonymous_3)
FNF:3
FNH:0
FNDA:0,(anonymous_1)
FNDA:0,(anonymous_2)
FNDA:0,(anonymous_3)
DA:1,1
DA:2,1
DA:3,1
DA:4,1
DA:7,1
DA:8,1
DA:9,0
DA:12,1
DA:14,0
DA:17,0
DA:18,0
DA:22,1
DA:23,0
DA:24,0
DA:26,0
DA:30,1
LF:16
LH:9
BRDA:8,0,0,0
BRDA:23,1,0,0
BRDA:23,1,1,0
BRF:3
BRH:0
end_of_record
TN:
SF:src\middlewares\validate.middleware.ts
FN:5,(anonymous_0)
FN:6,(anonymous_1)
FNF:2
FNH:2
FNDA:7,(anonymous_0)
FNDA:4,(anonymous_1)
DA:4,1
DA:5,1
DA:6,7
DA:7,4
DA:8,4
DA:13,4
DA:15,0
LF:7
LH:6
BRF:0
BRH:0
end_of_record
TN:
SF:src\routes\auth.routes.ts
FNF:0
FNH:0
DA:1,1
DA:2,1
DA:3,1
DA:10,1
DA:12,1
DA:13,1
DA:15,1
LF:7
LH:7
BRF:0
BRH:0
end_of_record
TN:
SF:src\routes\notification.routes.ts
FNF:0
FNH:0
DA:1,1
DA:2,1
DA:3,1
DA:5,1
DA:7,1
DA:9,1
DA:10,1
DA:11,1
DA:12,1
DA:13,1
DA:14,1
DA:16,1
LF:12
LH:12
BRF:0
BRH:0
end_of_record
TN:
SF:src\routes\project.routes.ts
FNF:0
FNH:0
DA:1,1
DA:2,1
DA:3,1
DA:10,1
DA:11,1
DA:13,1
DA:15,1
DA:22,1
DA:29,1
DA:31,1
DA:32,1
DA:33,1
DA:34,1
DA:35,1
DA:37,1
LF:15
LH:15
BRF:0
BRH:0
end_of_record
TN:
SF:src\routes\task.routes.ts
FNF:0
FNH:0
DA:1,1
DA:2,1
DA:3,1
DA:4,1
DA:14,1
DA:16,1
DA:18,1
DA:23,1
DA:29,1
LF:9
LH:9
BRF:0
BRH:0
end_of_record
TN:
SF:src\routes\team.routes.ts
FNF:0
FNH:0
DA:1,1
DA:2,1
DA:3,1
DA:5,1
DA:7,1
DA:9,1
DA:10,1
DA:11,1
DA:12,1
DA:13,1
DA:15,1
LF:11
LH:11
BRF:0
BRH:0
end_of_record
TN:
SF:src\routes\user.routes.ts
FNF:0
FNH:0
DA:1,1
DA:2,1
DA:3,1
DA:4,1
DA:11,1
DA:13,1
DA:15,1
DA:17,1
DA:21,1
DA:22,1
DA:24,1
LF:11
LH:11
BRF:0
BRH:0
end_of_record
TN:
SF:src\scripts\cleanupOrphanedFiles.ts
FN:7,main
FN:19,(anonymous_1)
FNF:2
FNH:0
FNDA:0,main
FNDA:0,(anonymous_1)
DA:1,0
DA:8,0
DA:10,0
DA:11,0
DA:13,0
DA:14,0
DA:15,0
DA:17,0
DA:18,0
DA:19,0
DA:22,0
DA:24,0
DA:25,0
DA:29,0
LF:14
LH:0
BRDA:17,0,0,0
BRF:1
BRH:0
end_of_record
TN:
SF:src\scripts\repro_bug.ts
FN:7,main
FN:85,(anonymous_1)
FN:138,(anonymous_2)
FNF:3
FNH:0
FNDA:0,main
FNDA:0,(anonymous_1)
FNDA:0,(anonymous_2)
DA:2,0
DA:3,0
DA:5,0
DA:8,0
DA:11,0
DA:12,0
DA:14,0
DA:22,0
DA:31,0
DA:39,0
DA:48,0
DA:51,0
DA:52,0
DA:64,0
DA:75,0
DA:76,0
DA:79,0
DA:82,0
DA:85,0
DA:88,0
DA:89,0
DA:100,0
DA:105,0
DA:106,0
DA:107,0
DA:110,0
DA:112,0
DA:114,0
DA:116,0
DA:123,0
DA:125,0
DA:126,0
DA:129,0
DA:130,0
DA:131,0
DA:132,0
DA:133,0
DA:135,0
DA:138,0
DA:139,0
DA:140,0
DA:141,0
LF:42
LH:0
BRDA:129,0,0,0
BRDA:130,1,0,0
BRF:2
BRH:0
end_of_record
TN:
SF:src\services\auth.service.ts
FN:7,(anonymous_1)
FN:34,(anonymous_2)
FNF:2
FNH:0
FNDA:0,(anonymous_1)
FNDA:0,(anonymous_2)
DA:1,1
DA:2,1
DA:3,1
DA:4,1
DA:7,1
DA:8,0
DA:12,0
DA:13,0
DA:16,0
DA:18,0
DA:27,0
DA:30,0
DA:31,0
DA:34,1
DA:35,0
DA:39,0
DA:40,0
DA:43,0
DA:46,0
DA:47,0
LF:20
LH:6
BRDA:12,0,0,0
BRDA:21,1,0,0
BRDA:21,1,1,0
BRDA:39,2,0,0
BRDA:39,3,0,0
BRDA:39,3,1,0
BRF:6
BRH:0
end_of_record
TN:
SF:src\services\notification.service.ts
FN:4,(anonymous_1)
FN:11,(anonymous_2)
FN:18,(anonymous_3)
FN:25,(anonymous_4)
FN:38,(anonymous_5)
FN:44,(anonymous_6)
FNF:6
FNH:0
FNDA:0,(anonymous_1)
FNDA:0,(anonymous_2)
FNDA:0,(anonymous_3)
FNDA:0,(anonymous_4)
FNDA:0,(anonymous_5)
FNDA:0,(anonymous_6)
DA:1,1
DA:4,1
DA:5,0
DA:11,1
DA:12,0
DA:18,1
DA:19,0
DA:25,1
DA:33,0
DA:38,1
DA:39,0
DA:44,1
DA:45,0
LF:13
LH:7
BRF:0
BRH:0
end_of_record
TN:
SF:src\services\task.service.ts
FN:9,(anonymous_1)
FN:32,(anonymous_2)
FN:54,(anonymous_3)
FN:123,(anonymous_4)
FN:129,(anonymous_5)
FN:176,(anonymous_6)
FN:213,(anonymous_7)
FN:217,(anonymous_8)
FN:239,(anonymous_9)
FNF:9
FNH:0
FNDA:0,(anonymous_1)
FNDA:0,(anonymous_2)
FNDA:0,(anonymous_3)
FNDA:0,(anonymous_4)
FNDA:0,(anonymous_5)
FNDA:0,(anonymous_6)
FNDA:0,(anonymous_7)
FNDA:0,(anonymous_8)
FNDA:0,(anonymous_9)
DA:1,1
DA:3,1
DA:4,1
DA:9,1
DA:10,0
DA:11,0
DA:14,0
DA:15,0
DA:17,0
DA:18,0
DA:19,0
DA:21,0
DA:22,0
DA:24,0
DA:26,0
DA:29,0
DA:32,1
DA:33,0
DA:36,0
DA:37,0
DA:38,0
DA:39,0
DA:40,0
DA:44,0
DA:54,1
DA:55,0
DA:58,0
DA:80,0
DA:81,0
DA:84,0
DA:85,0
DA:88,0
DA:89,0
DA:99,0
DA:100,0
DA:101,0
DA:103,0
DA:107,0
DA:123,0
DA:129,1
DA:130,0
DA:156,0
DA:157,0
DA:160,0
DA:161,0
DA:162,0
DA:163,0
DA:164,0
DA:166,0
DA:167,0
DA:170,0
DA:176,1
DA:181,0
DA:197,0
DA:199,0
DA:200,0
DA:201,0
DA:202,0
DA:204,0
DA:205,0
DA:208,0
DA:211,0
DA:212,0
DA:213,0
DA:217,0
DA:219,0
DA:220,0
DA:223,0
DA:230,0
DA:239,1
DA:240,0
DA:241,0
DA:244,0
DA:246,0
DA:247,0
DA:250,0
LF:76
LH:9
BRDA:10,0,0,0
BRDA:10,1,0,0
BRDA:10,1,1,0
BRDA:14,2,0,0
BRDA:14,2,1,0
BRDA:15,3,0,0
BRDA:21,4,0,0
BRDA:24,5,0,0
BRDA:26,6,0,0
BRDA:26,6,1,0
BRDA:36,7,0,0
BRDA:38,8,0,0
BRDA:39,9,0,0
BRDA:47,10,0,0
BRDA:47,10,1,0
BRDA:49,11,0,0
BRDA:49,11,1,0
BRDA:80,12,0,0
BRDA:84,13,0,0
BRDA:88,14,0,0
BRDA:99,15,0,0
BRDA:100,16,0,0
BRDA:100,16,1,0
BRDA:119,17,0,0
BRDA:119,17,1,0
BRDA:156,18,0,0
BRDA:164,19,0,0
BRDA:164,19,1,0
BRDA:166,20,0,0
BRDA:166,21,0,0
BRDA:166,21,1,0
BRDA:166,21,2,0
BRDA:197,22,0,0
BRDA:202,23,0,0
BRDA:202,23,1,0
BRDA:204,24,0,0
BRDA:204,25,0,0
BRDA:204,25,1,0
BRDA:211,26,0,0
BRDA:211,27,0,0
BRDA:211,27,1,0
BRDA:217,28,0,0
BRDA:217,28,1,0
BRDA:219,29,0,0
BRDA:234,30,0,0
BRDA:234,30,1,0
BRDA:234,31,0,0
BRDA:234,31,1,0
BRDA:241,32,0,0
BRDA:244,33,0,0
BRDA:244,33,1,0
BRDA:246,34,0,0
BRDA:246,35,0,0
BRDA:246,35,1,0
BRF:54
BRH:0
end_of_record
TN:
SF:src\services\team.service.ts
FN:7,(anonymous_1)
FN:49,(anonymous_2)
FN:138,(anonymous_3)
FN:154,(anonymous_4)
FN:199,(anonymous_5)
FN:206,(anonymous_6)
FN:213,(anonymous_7)
FN:223,(anonymous_8)
FNF:8
FNH:0
FNDA:0,(anonymous_1)
FNDA:0,(anonymous_2)
FNDA:0,(anonymous_3)
FNDA:0,(anonymous_4)
FNDA:0,(anonymous_5)
FNDA:0,(anonymous_6)
FNDA:0,(anonymous_7)
FNDA:0,(anonymous_8)
DA:1,1
DA:2,1
DA:3,1
DA:4,1
DA:5,1
DA:7,1
DA:8,0
DA:12,0
DA:13,0
DA:22,0
DA:28,0
DA:49,1
DA:50,0
DA:51,0
DA:52,0
DA:54,0
DA:56,0
DA:57,0
DA:58,0
DA:59,0
DA:60,0
DA:64,0
DA:65,0
DA:67,0
DA:68,0
DA:69,0
DA:72,0
DA:74,0
DA:77,0
DA:82,0
DA:86,0
DA:87,0
DA:88,0
DA:89,0
DA:92,0
DA:101,0
DA:113,0
DA:114,0
DA:115,0
DA:119,0
DA:135,0
DA:138,1
DA:139,0
DA:144,0
DA:145,0
DA:148,0
DA:149,0
DA:150,0
DA:153,0
DA:154,0
DA:156,0
DA:163,0
DA:164,0
DA:172,0
DA:179,0
DA:190,0
DA:196,0
DA:199,1
DA:200,0
DA:206,1
DA:207,0
DA:213,1
DA:214,0
DA:215,0
DA:216,0
DA:218,0
DA:223,1
DA:224,0
DA:229,0
DA:230,0
DA:232,0
LF:71
LH:12
BRDA:12,0,0,0
BRDA:51,1,0,0
BRDA:52,2,0,0
BRDA:57,3,0,0
BRDA:59,4,0,0
BRDA:65,5,0,0
BRDA:67,6,0,0
BRDA:68,7,0,0
BRDA:68,7,1,0
BRDA:72,8,0,0
BRDA:77,9,0,0
BRDA:83,10,0,0
BRDA:83,10,1,0
BRDA:87,11,0,0
BRDA:87,11,1,0
BRDA:88,12,0,0
BRDA:113,13,0,0
BRDA:114,14,0,0
BRDA:114,14,1,0
BRDA:115,15,0,0
BRDA:115,15,1,0
BRDA:144,16,0,0
BRDA:144,17,0,0
BRDA:144,17,1,0
BRDA:149,18,0,0
BRDA:149,19,0,0
BRDA:149,19,1,0
BRDA:153,20,0,0
BRDA:153,20,1,0
BRDA:163,21,0,0
BRDA:215,22,0,0
BRDA:216,23,0,0
BRDA:229,24,0,0
BRDA:230,25,0,0
BRF:34
BRH:0
end_of_record
TN:
SF:src\services\user.service.ts
FN:6,(anonymous_1)
FN:54,(anonymous_2)
FNF:2
FNH:0
FNDA:0,(anonymous_1)
FNDA:0,(anonymous_2)
DA:1,1
DA:2,1
DA:3,1
DA:4,1
DA:6,1
DA:11,0
DA:12,0
DA:21,0
DA:22,0
DA:27,0
DA:33,0
DA:34,0
DA:38,0
DA:39,0
DA:40,0
DA:41,0
DA:42,0
DA:43,0
DA:45,0
DA:50,0
DA:51,0
DA:54,1
DA:55,0
DA:56,0
DA:58,0
DA:59,0
DA:61,0
DA:63,0
DA:68,0
LF:29
LH:6
BRDA:11,0,0,0
BRDA:21,1,0,0
BRDA:33,2,0,0
BRDA:33,3,0,0
BRDA:33,3,1,0
BRDA:33,3,2,0
BRDA:39,4,0,0
BRDA:40,5,0,0
BRDA:41,6,0,0
BRDA:42,7,0,0
BRDA:43,8,0,0
BRDA:56,9,0,0
BRDA:59,10,0,0
BRF:13
BRH:0
end_of_record
TN:
SF:src\utils\AppError.ts
FN:6,(anonymous_0)
FNF:1
FNH:0
FNDA:0,(anonymous_0)
DA:1,1
DA:7,0
DA:8,0
DA:9,0
DA:10,0
DA:12,0
DA:13,0
LF:7
LH:1
BRDA:9,0,0,0
BRDA:9,0,1,0
BRF:2
BRH:0
end_of_record
TN:
SF:src\utils\cleanupFiles.ts
FN:9,cleanOrphanedAvatars
FN:25,(anonymous_2)
FN:90,deleteOldAvatar
FNF:3
FNH:0
FNDA:0,cleanOrphanedAvatars
FNDA:0,(anonymous_2)
FNDA:0,deleteOldAvatar
DA:1,1
DA:2,1
DA:3,1
DA:9,1
DA:10,0
DA:11,0
DA:12,0
DA:13,0
DA:15,0
DA:17,0
DA:24,0
DA:25,0
DA:26,0
DA:28,0
DA:29,0
DA:30,0
DA:35,0
DA:38,0
DA:39,0
DA:40,0
DA:44,0
DA:45,0
DA:48,0
DA:49,0
DA:52,0
DA:53,0
DA:57,0
DA:58,0
DA:59,0
DA:62,0
DA:63,0
DA:64,0
DA:65,0
DA:67,0
DA:68,0
DA:69,0
DA:74,0
DA:75,0
DA:76,0
DA:77,0
DA:79,0
DA:81,0
DA:82,0
DA:90,1
DA:91,0
DA:93,0
DA:95,0
DA:96,0
DA:98,0
DA:101,0
DA:102,0
DA:103,0
DA:106,0
LF:53
LH:5
BRDA:26,0,0,0
BRDA:29,1,0,0
BRDA:38,2,0,0
BRDA:52,3,0,0
BRDA:57,4,0,0
BRDA:57,4,1,0
BRDA:91,5,0,0
BRDA:96,6,0,0
BRDA:101,7,0,0
BRF:9
BRH:0
end_of_record
TN:
SF:src\utils\jwt.ts
FN:6,(anonymous_1)
FN:12,(anonymous_2)
FNF:2
FNH:2
FNDA:3,(anonymous_1)
FNDA:5,(anonymous_2)
DA:1,1
DA:3,1
DA:4,1
DA:6,1
DA:7,3
DA:12,1
DA:13,5
LF:7
LH:7
BRDA:3,0,0,1
BRDA:3,0,1,0
BRDA:4,1,0,1
BRDA:4,1,1,0
BRF:4
BRH:2
end_of_record
